<?xml version="1.0" encoding="UTF-8"?>
<testng-results ignored="0" total="2" passed="2" failed="0" skipped="0">
  <reporter-output>
  </reporter-output>
  <suite started-at="2025-01-29T14:22:47 IST" name="Suite" finished-at="2025-01-29T14:23:07 IST" duration-ms="19507">
    <groups>
    </groups>
    <test started-at="2025-01-29T14:22:47 IST" name="Test" finished-at="2025-01-29T14:23:07 IST" duration-ms="19507">
      <class name="testCases.TextBoxTest">
        <test-method is-config="true" signature="setUp()[pri:0, instance:testCases.TextBoxTest@7428de63]" started-at="2025-01-29T14:22:47 IST" name="setUp" finished-at="2025-01-29T14:22:56 IST" duration-ms="8400" status="PASS">
          <reporter-output>
          </reporter-output>
        </test-method> <!-- setUp -->
        <test-method signature="TC001()[pri:1, instance:testCases.TextBoxTest@7428de63]" started-at="2025-01-29T14:22:56 IST" name="TC001" finished-at="2025-01-29T14:22:58 IST" duration-ms="2292" status="PASS">
          <reporter-output>
          </reporter-output>
        </test-method> <!-- TC001 -->
        <test-method is-config="true" signature="tearDown()[pri:0, instance:testCases.TextBoxTest@7428de63]" started-at="2025-01-29T14:22:58 IST" name="tearDown" finished-at="2025-01-29T14:22:59 IST" duration-ms="563" status="PASS">
          <reporter-output>
          </reporter-output>
        </test-method> <!-- tearDown -->
      </class> <!-- testCases.TextBoxTest -->
      <class name="testCases.RadioBoxTest">
        <test-method is-config="true" signature="setUp()[pri:0, instance:testCases.RadioBoxTest@66f659e6]" started-at="2025-01-29T14:22:59 IST" name="setUp" finished-at="2025-01-29T14:23:06 IST" duration-ms="6686" status="PASS">
          <reporter-output>
          </reporter-output>
        </test-method> <!-- setUp -->
        <test-method signature="TC002()[pri:1, instance:testCases.RadioBoxTest@66f659e6]" started-at="2025-01-29T14:23:06 IST" name="TC002" finished-at="2025-01-29T14:23:06 IST" duration-ms="703" status="PASS">
          <reporter-output>
          </reporter-output>
        </test-method> <!-- TC002 -->
        <test-method is-config="true" signature="tearDown()[pri:0, instance:testCases.RadioBoxTest@66f659e6]" started-at="2025-01-29T14:23:06 IST" name="tearDown" finished-at="2025-01-29T14:23:07 IST" duration-ms="251" status="PASS">
          <reporter-output>
          </reporter-output>
        </test-method> <!-- tearDown -->
      </class> <!-- testCases.RadioBoxTest -->
    </test> <!-- Test -->
  </suite> <!-- Suite -->
</testng-results>
